19:22:02:830 [main] INFO  org.testng.internal.Utils - [TestNG] Time taken by org.testng.reporters.jq.Main@314c8b4a: 242 ms
19:22:02:848 [main] INFO  org.testng.internal.Utils - [TestNG] Time taken by org.testng.reporters.FailedReporter@33f98231: 11 ms
19:22:02:859 [main] INFO  org.testng.internal.Utils - [TestNG] Time taken by org.testng.reporters.XMLReporter@238acd0b: 11 ms
19:22:02:870 [main] INFO  org.testng.internal.Utils - [TestNG] Time taken by org.testng.reporters.EmailableReporter2@1f51431: 9 ms
19:22:02:878 [main] INFO  org.testng.internal.Utils - [TestNG] Time taken by org.testng.reporters.JUnitReportReporter@36f1046f: 8 ms
19:22:02:879 [main] INFO  org.testng.internal.Utils - [TestNG] Time taken by org.testng.internal.ExitCodeListener@56d93692: 0 ms
19:49:15:225 [main] INFO  org.testng.internal.Utils - [TestNG] Running:
  E:\N@veeN\Software Testing\Selenium\Selenium_Projects\MyShop\runners\chrome\testing_testcase.xml

19:49:24:612 [main] INFO  com.myshop.testcase.Testing - Starting test case: TC002_verify_that_contactUs_functionality_works_propelry
19:49:24:612 [main] INFO  com.myshop.testcase.Testing - Clicking on the Contact button.
19:49:25:814 [main] INFO  com.myshop.testcase.Testing - Retrieving the current URL after clicking the Contact button.
19:49:25:841 [main] INFO  com.myshop.testcase.Testing - Current URL retrieved: http://www.automationpractice.pl/index.php?controller=contact
19:49:25:842 [main] INFO  com.myshop.testcase.Testing - Expected URL for comparison: http://www.automationpractice.pl/index.php?controller=contact
19:49:25:846 [main] INFO  com.myshop.testcase.Testing - Test case passed: Contact Us functionality works properly.
19:49:51:464 [main] INFO  org.testng.internal.Utils - [TestNG] Running:
  E:\N@veeN\Software Testing\Selenium\Selenium_Projects\MyShop\runners\chrome\testing_testcase.xml

19:50:08:531 [main] INFO  org.testng.internal.Utils - [TestNG] Running:
  E:\N@veeN\Software Testing\Selenium\Selenium_Projects\MyShop\runners\chrome\testing_testcase.xml

19:51:27:059 [main] INFO  org.testng.internal.Utils - [TestNG] Running:
  E:\N@veeN\Software Testing\Selenium\Selenium_Projects\MyShop\runners\chrome\testing_testcase.xml

19:53:06:779 [main] INFO  org.testng.internal.Utils - [TestNG] Running:
  E:\N@veeN\Software Testing\Selenium\Selenium_Projects\MyShop\runners\chrome\testing_testcase.xml

19:53:50:680 [main] INFO  org.testng.internal.Utils - [TestNG] Running:
  E:\N@veeN\Software Testing\Selenium\Selenium_Projects\MyShop\runners\chrome\testing_testcase.xml

19:54:08:794 [main] INFO  com.myshop.testcase.Testing - Starting test case: TC002_verify_that_contactUs_functionality_works_propelry
19:54:08:794 [main] INFO  com.myshop.testcase.Testing - Clicking on the Contact button.
19:54:09:640 [main] INFO  com.myshop.testcase.Testing - Retrieving the current URL after clicking the Contact button.
19:54:09:655 [main] INFO  com.myshop.testcase.Testing - Current URL retrieved: http://www.automationpractice.pl/index.php?controller=contact
19:54:09:655 [main] INFO  com.myshop.testcase.Testing - Expected URL for comparison: http://www.automationpractice.pl/index.php?controller=contact
19:54:09:655 [main] INFO  com.myshop.testcase.Testing - Test case passed: Contact Us functionality works properly.
20:03:28:078 [main] INFO  org.testng.internal.Utils - [TestNG] Running:
  E:\N@veeN\Software Testing\Selenium\Selenium_Projects\MyShop\runners\chrome\testing_testcase.xml

20:03:45:925 [main] INFO  com.myshop.testcase.Testing - Starting test case: TC002_verify_that_contactUs_functionality_works_propelry
20:03:45:925 [main] INFO  com.myshop.testcase.Testing - Clicking on the Contact button.
20:03:46:876 [main] INFO  com.myshop.testcase.Testing - Retrieving the current URL after clicking the Contact button.
20:03:46:888 [main] INFO  com.myshop.testcase.Testing - Current URL retrieved: http://www.automationpractice.pl/index.php?controller=contact
20:03:46:888 [main] INFO  com.myshop.testcase.Testing - Expected URL for comparison: http://www.automationpractice.pl/index.php?controller=contact
20:03:46:888 [main] INFO  com.myshop.testcase.Testing - Test case passed: Contact Us functionality works properly.
20:04:39:758 [main] INFO  org.testng.internal.Utils - [TestNG] Running:
  E:\N@veeN\Software Testing\Selenium\Selenium_Projects\MyShop\runners\chrome\testing_testcase.xml

20:05:33:961 [main] INFO  org.testng.internal.Utils - [TestNG] Running:
  E:\N@veeN\Software Testing\Selenium\Selenium_Projects\MyShop\runners\chrome\testing_testcase.xml

21:44:24:308 [main] INFO  org.testng.internal.Utils - [TestNG] Running:
  E:\N@veeN\Software Testing\Selenium\Selenium_Projects\MyShop\runners\chrome\testing_testcase.xml

21:44:50:090 [main] INFO  com.myshop.testcase.Testing - Starting test case: TC002_verify_that_contactUs_functionality_works_propelry
21:44:50:091 [main] INFO  com.myshop.testcase.Testing - Clicking on the Contact button.
21:44:54:760 [main] INFO  com.myshop.testcase.Testing - Retrieving the current URL after clicking the Contact button.
21:44:54:793 [main] INFO  com.myshop.testcase.Testing - Current URL retrieved: http://www.automationpractice.pl/index.php?controller=contact
21:44:54:794 [main] INFO  com.myshop.testcase.Testing - Expected URL for comparison: http://www.automationpractice.pl/index.php?controller=contact
21:44:54:794 [main] INFO  com.myshop.testcase.Testing - Test case passed: Contact Us functionality works properly.
21:45:59:967 [main] INFO  org.testng.internal.Utils - [TestNG] Running:
  E:\N@veeN\Software Testing\Selenium\Selenium_Projects\MyShop\runners\chrome\testing_testcase.xml

21:46:20:431 [main] INFO  com.myshop.testcase.Testing - Starting test case: TC002_verify_that_contactUs_functionality_works_propelry
21:46:20:431 [main] INFO  com.myshop.testcase.Testing - Clicking on the Contact button.
21:46:21:733 [main] INFO  com.myshop.testcase.Testing - Retrieving the current URL after clicking the Contact button.
21:46:21:890 [main] INFO  com.myshop.testcase.Testing - Current URL retrieved: http://www.automationpractice.pl/index.php?controller=contact
21:46:21:891 [main] INFO  com.myshop.testcase.Testing - Expected URL for comparison: http://www.automationpractice.pl/index.php?controller=contact
21:46:21:891 [main] INFO  com.myshop.testcase.Testing - Test case passed: Contact Us functionality works properly.
21:48:56:493 [main] INFO  org.testng.internal.Utils - [TestNG] Running:
  E:\N@veeN\Software Testing\Selenium\Selenium_Projects\MyShop\runners\chrome\testing_testcase.xml

21:49:16:256 [main] INFO  com.myshop.testcase.Testing - Starting test case: TC002_verify_that_contactUs_functionality_works_propelry
21:49:16:257 [main] INFO  com.myshop.testcase.Testing - Clicking on the Contact button.
21:49:20:390 [main] INFO  com.myshop.testcase.Testing - Retrieving the current URL after clicking the Contact button.
21:49:20:416 [main] INFO  com.myshop.testcase.Testing - Current URL retrieved: http://www.automationpractice.pl/index.php?controller=contact
21:49:20:417 [main] INFO  com.myshop.testcase.Testing - Expected URL for comparison: http://www.automationpractice.pl/index.php?controller=contact
21:49:20:417 [main] INFO  com.myshop.testcase.Testing - Test case passed: Contact Us functionality works properly.
21:50:33:562 [main] INFO  org.testng.internal.Utils - [TestNG] Running:
  E:\N@veeN\Software Testing\Selenium\Selenium_Projects\MyShop\runners\chrome\testing_testcase.xml

21:51:02:117 [main] INFO  org.testng.internal.Utils - [TestNG] Running:
  E:\N@veeN\Software Testing\Selenium\Selenium_Projects\MyShop\runners\chrome\testing_testcase.xml

21:53:18:847 [main] INFO  org.testng.internal.Utils - [TestNG] Running:
  E:\N@veeN\Software Testing\Selenium\Selenium_Projects\MyShop\runners\chrome\testing_testcase.xml

21:55:20:561 [main] INFO  org.testng.internal.Utils - [TestNG] Running:
  E:\N@veeN\Software Testing\Selenium\Selenium_Projects\MyShop\runners\cross_browser_testing\testing_testcase_cbt.xml

21:55:45:278 [main] INFO  com.myshop.testcase.Testing - Starting test case: TC002_verify_that_contactUs_functionality_works_propelry
21:55:45:279 [main] INFO  com.myshop.testcase.Testing - Clicking on the Contact button.
21:55:46:661 [main] INFO  com.myshop.testcase.Testing - Retrieving the current URL after clicking the Contact button.
21:55:46:689 [main] INFO  com.myshop.testcase.Testing - Current URL retrieved: http://www.automationpractice.pl/index.php?controller=contact
21:55:46:690 [main] INFO  com.myshop.testcase.Testing - Expected URL for comparison: http://www.automationpractice.pl/index.php?controller=contact
21:55:46:690 [main] INFO  com.myshop.testcase.Testing - Test case passed: Contact Us functionality works properly.
21:56:19:182 [main] INFO  com.myshop.testcase.Testing - Starting test case: TC002_verify_that_contactUs_functionality_works_propelry
21:56:19:182 [main] INFO  com.myshop.testcase.Testing - Clicking on the Contact button.
21:56:20:464 [main] INFO  com.myshop.testcase.Testing - Retrieving the current URL after clicking the Contact button.
21:56:20:510 [main] INFO  com.myshop.testcase.Testing - Current URL retrieved: http://www.automationpractice.pl/index.php?controller=contact
21:56:20:510 [main] INFO  com.myshop.testcase.Testing - Expected URL for comparison: http://www.automationpractice.pl/index.php?controller=contact
21:56:20:510 [main] INFO  com.myshop.testcase.Testing - Test case passed: Contact Us functionality works properly.
21:57:05:477 [main] INFO  com.myshop.testcase.Testing - Starting test case: TC002_verify_that_contactUs_functionality_works_propelry
21:57:05:477 [main] INFO  com.myshop.testcase.Testing - Clicking on the Contact button.
21:57:07:756 [main] INFO  com.myshop.testcase.Testing - Retrieving the current URL after clicking the Contact button.
21:57:07:808 [main] INFO  com.myshop.testcase.Testing - Current URL retrieved: http://www.automationpractice.pl/index.php?controller=contact
21:57:07:810 [main] INFO  com.myshop.testcase.Testing - Expected URL for comparison: http://www.automationpractice.pl/index.php?controller=contact
21:57:07:810 [main] INFO  com.myshop.testcase.Testing - Test case passed: Contact Us functionality works properly.
22:05:08:591 [main] INFO  org.testng.internal.Utils - [TestNG] Running:
  E:\N@veeN\Software Testing\Selenium\Selenium_Projects\MyShop\runners\cross_browser_testing\testing_testcase_cbt.xml

22:08:12:105 [main] INFO  org.testng.internal.Utils - [TestNG] Running:
  E:\N@veeN\Software Testing\Selenium\Selenium_Projects\MyShop\runners\cross_browser_testing\testing_testcase_cbt.xml

22:08:33:361 [main] INFO  com.myshop.testcase.Testing - Starting test case: TC002_verify_that_contactUs_functionality_works_propelry
22:08:33:362 [main] INFO  com.myshop.testcase.Testing - Clicking on the Contact button.
22:08:38:550 [main] INFO  com.myshop.testcase.Testing - Retrieving the current URL after clicking the Contact button.
22:08:38:682 [main] INFO  com.myshop.testcase.Testing - Current URL retrieved: http://www.automationpractice.pl/index.php?controller=contact
22:08:38:682 [main] INFO  com.myshop.testcase.Testing - Expected URL for comparison: http://www.automationpractice.pl/index.php?controller=contact
22:08:38:682 [main] INFO  com.myshop.testcase.Testing - Test case passed: Contact Us functionality works properly.
22:09:20:145 [main] INFO  com.myshop.testcase.Testing - Starting test case: TC002_verify_that_contactUs_functionality_works_propelry
22:09:20:146 [main] INFO  com.myshop.testcase.Testing - Clicking on the Contact button.
22:09:21:377 [main] INFO  com.myshop.testcase.Testing - Retrieving the current URL after clicking the Contact button.
22:09:21:448 [main] INFO  com.myshop.testcase.Testing - Current URL retrieved: http://www.automationpractice.pl/index.php?controller=contact
22:09:21:448 [main] INFO  com.myshop.testcase.Testing - Expected URL for comparison: http://www.automationpractice.pl/index.php?controller=contact
22:09:21:448 [main] INFO  com.myshop.testcase.Testing - Test case passed: Contact Us functionality works properly.
22:10:08:099 [main] INFO  com.myshop.testcase.Testing - Starting test case: TC002_verify_that_contactUs_functionality_works_propelry
22:10:08:099 [main] INFO  com.myshop.testcase.Testing - Clicking on the Contact button.
22:10:10:442 [main] INFO  com.myshop.testcase.Testing - Retrieving the current URL after clicking the Contact button.
22:10:10:461 [main] INFO  com.myshop.testcase.Testing - Current URL retrieved: http://www.automationpractice.pl/index.php?controller=contact
22:10:10:462 [main] INFO  com.myshop.testcase.Testing - Expected URL for comparison: http://www.automationpractice.pl/index.php?controller=contact
22:10:10:462 [main] INFO  com.myshop.testcase.Testing - Test case passed: Contact Us functionality works properly.
22:11:45:497 [main] INFO  org.testng.internal.Utils - [TestNG] Running:
  E:\N@veeN\Software Testing\Selenium\Selenium_Projects\MyShop\runners\cross_browser_testing\testing_testcase_cbt.xml

22:12:09:427 [main] INFO  com.myshop.testcase.Testing - Starting test case: TC002_verify_that_contactUs_functionality_works_propelry
22:12:09:427 [main] INFO  com.myshop.testcase.Testing - Clicking on the Contact button.
22:12:10:767 [main] INFO  com.myshop.testcase.Testing - Retrieving the current URL after clicking the Contact button.
22:12:10:798 [main] INFO  com.myshop.testcase.Testing - Current URL retrieved: http://www.automationpractice.pl/index.php?controller=contact
22:12:10:798 [main] INFO  com.myshop.testcase.Testing - Expected URL for comparison: http://www.automationpractice.pl/index.php?controller=contact
22:12:10:798 [main] INFO  com.myshop.testcase.Testing - Test case passed: Contact Us functionality works properly.
22:12:37:851 [main] INFO  com.myshop.testcase.Testing - Starting test case: TC002_verify_that_contactUs_functionality_works_propelry
22:12:37:851 [main] INFO  com.myshop.testcase.Testing - Clicking on the Contact button.
22:12:47:976 [main] INFO  com.myshop.testcase.Testing - An unexpected error occurred during the test case.
22:13:22:906 [main] INFO  com.myshop.testcase.Testing - Starting test case: TC002_verify_that_contactUs_functionality_works_propelry
22:13:22:906 [main] INFO  com.myshop.testcase.Testing - Clicking on the Contact button.
22:13:24:324 [main] INFO  com.myshop.testcase.Testing - Retrieving the current URL after clicking the Contact button.
22:13:24:328 [main] INFO  com.myshop.testcase.Testing - Current URL retrieved: http://www.automationpractice.pl/index.php?controller=contact
22:13:24:329 [main] INFO  com.myshop.testcase.Testing - Expected URL for comparison: http://www.automationpractice.pl/index.php?controller=contact
22:13:24:329 [main] INFO  com.myshop.testcase.Testing - Test case passed: Contact Us functionality works properly.
